<?xml version="1.0" encoding="UTF-8"?>
<testsuite xmlns:xsi="http://www.w3.org/2001/XMLSchema-instance" xsi:noNamespaceSchemaLocation="https://maven.apache.org/surefire/maven-surefire-plugin/xsd/surefire-test-report-3.0.xsd" version="3.0" name="be.ugent.TestIfcSpfReader" time="6.502" tests="3" errors="0" skipped="0" failures="0">
  <properties>
[...]
</properties>
  <testcase name="testShowFiles" classname="be.ugent.TestIfcSpfReader" time="0.066"/>
  <testcase name="testSlurp" classname="be.ugent.TestIfcSpfReader" time="0"/>
  <testcase name="testConvertIFCFileToOutputTTL" classname="be.ugent.TestIfcSpfReader" time="6.398"/>
</testsuite>